<?xml version="1.0" encoding="UTF-8"?>
<coverage generated="1649695395910" clover="3.2.0">
  <project timestamp="1649695395910" name="All files">
    <metrics statements="53" coveredstatements="53" conditionals="7" coveredconditionals="5" methods="17" coveredmethods="17" elements="77" coveredelements="75" complexity="0" loc="53" ncloc="53" packages="2" files="4" classes="4"/>
    <package name="src">
      <metrics statements="3" coveredstatements="3" conditionals="0" coveredconditionals="0" methods="0" coveredmethods="0"/>
      <file name="data.ts" path="/Users/asb/Projects/TreeFlex/src/data.ts">
        <metrics statements="3" coveredstatements="3" conditionals="0" coveredconditionals="0" methods="0" coveredmethods="0"/>
        <line num="1" count="2" type="stmt"/>
        <line num="69" count="2" type="stmt"/>
        <line num="71" count="2" type="stmt"/>
      </file>
    </package>
    <package name="src.tree-graph-flex">
      <metrics statements="50" coveredstatements="50" conditionals="7" coveredconditionals="5" methods="17" coveredmethods="17"/>
      <file name="path-shapes.tsx" path="/Users/asb/Projects/TreeFlex/src/tree-graph-flex/path-shapes.tsx">
        <metrics statements="18" coveredstatements="18" conditionals="0" coveredconditionals="0" methods="4" coveredmethods="4"/>
        <line num="12" count="2" type="stmt"/>
        <line num="13" count="2" type="stmt"/>
        <line num="25" count="122" type="stmt"/>
        <line num="38" count="2" type="stmt"/>
        <line num="39" count="2" type="stmt"/>
        <line num="40" count="2" type="stmt"/>
        <line num="41" count="2" type="stmt"/>
        <line num="42" count="2" type="stmt"/>
        <line num="43" count="2" type="stmt"/>
        <line num="44" count="2" type="stmt"/>
        <line num="45" count="2" type="stmt"/>
        <line num="46" count="2" type="stmt"/>
        <line num="47" count="2" type="stmt"/>
        <line num="48" count="2" type="stmt"/>
        <line num="49" count="2" type="stmt"/>
        <line num="50" count="2" type="stmt"/>
        <line num="62" count="2" type="stmt"/>
        <line num="65" count="3" type="stmt"/>
      </file>
      <file name="tree-build-functions.tsx" path="/Users/asb/Projects/TreeFlex/src/tree-graph-flex/tree-build-functions.tsx">
        <metrics statements="21" coveredstatements="21" conditionals="5" coveredconditionals="4" methods="9" coveredmethods="9"/>
        <line num="25" count="21" type="stmt"/>
        <line num="27" count="318" type="stmt"/>
        <line num="28" count="297" type="stmt"/>
        <line num="31" count="318" type="cond" truecount="2" falsecount="0"/>
        <line num="32" count="129" type="stmt"/>
        <line num="34" count="189" type="stmt"/>
        <line num="35" count="189" type="stmt"/>
        <line num="37" count="318" type="cond" truecount="1" falsecount="1"/>
        <line num="38" count="318" type="stmt"/>
        <line num="48" count="21" type="stmt"/>
        <line num="57" count="212" type="stmt"/>
        <line num="72" count="171" type="stmt"/>
        <line num="73" count="171" type="stmt"/>
        <line num="74" count="171" type="stmt"/>
        <line num="75" count="171" type="stmt"/>
        <line num="76" count="171" type="stmt"/>
        <line num="77" count="171" type="stmt"/>
        <line num="94" count="178" type="stmt"/>
        <line num="95" count="178" type="stmt"/>
        <line num="96" count="168" type="stmt"/>
        <line num="99" count="178" type="stmt"/>
      </file>
      <file name="tree-graph-flex.tsx" path="/Users/asb/Projects/TreeFlex/src/tree-graph-flex/tree-graph-flex.tsx">
        <metrics statements="11" coveredstatements="11" conditionals="2" coveredconditionals="1" methods="4" coveredmethods="4"/>
        <line num="32" count="1" type="stmt"/>
        <line num="52" count="7" type="stmt"/>
        <line num="54" count="7" type="cond" truecount="1" falsecount="1"/>
        <line num="55" count="7" type="stmt"/>
        <line num="56" count="7" type="stmt"/>
        <line num="57" count="7" type="stmt"/>
        <line num="58" count="7" type="stmt"/>
        <line num="59" count="127" type="stmt"/>
        <line num="66" count="7" type="stmt"/>
        <line num="71" count="127" type="stmt"/>
        <line num="82" count="120" type="stmt"/>
      </file>
    </package>
  </project>
</coverage>
