{"/Users/asb/Projects/TreeFlex/src/data.ts": {"path":"/Users/asb/Projects/TreeFlex/src/data.ts","statementMap":{"0":{"start":{"line":1,"column":24},"end":{"line":67,"column":1}},"1":{"start":{"line":69,"column":23},"end":{"line":69,"column":48}},"2":{"start":{"line":71,"column":28},"end":{"line":76,"column":1}}},"fnMap":{},"branchMap":{},"s":{"0":2,"1":2,"2":2},"f":{},"b":{},"_coverageSchema":"1a1c01bbd47fc00a2c39e90264f33305004495a9","hash":"47a2294e3ca0093bc760ddfbb537987e8f04a8be"}
,"/Users/asb/Projects/TreeFlex/src/tree-graph-flex/path-shapes.tsx": {"path":"/Users/asb/Projects/TreeFlex/src/tree-graph-flex/path-shapes.tsx","statementMap":{"0":{"start":{"line":12,"column":25},"end":{"line":12,"column":79}},"1":{"start":{"line":13,"column":2},"end":{"line":13,"column":58}},"2":{"start":{"line":25,"column":2},"end":{"line":25,"column":83}},"3":{"start":{"line":38,"column":21},"end":{"line":38,"column":34}},"4":{"start":{"line":39,"column":21},"end":{"line":39,"column":23}},"5":{"start":{"line":40,"column":21},"end":{"line":40,"column":53}},"6":{"start":{"line":41,"column":21},"end":{"line":41,"column":23}},"7":{"start":{"line":42,"column":21},"end":{"line":42,"column":23}},"8":{"start":{"line":43,"column":21},"end":{"line":43,"column":53}},"9":{"start":{"line":44,"column":21},"end":{"line":44,"column":23}},"10":{"start":{"line":45,"column":21},"end":{"line":45,"column":23}},"11":{"start":{"line":46,"column":21},"end":{"line":46,"column":23}},"12":{"start":{"line":47,"column":21},"end":{"line":47,"column":53}},"13":{"start":{"line":48,"column":21},"end":{"line":48,"column":53}},"14":{"start":{"line":49,"column":21},"end":{"line":49,"column":23}},"15":{"start":{"line":50,"column":2},"end":{"line":50,"column":121}},"16":{"start":{"line":62,"column":2},"end":{"line":62,"column":39}},"17":{"start":{"line":65,"column":57},"end":{"line":69,"column":1}}},"fnMap":{"0":{"name":"roundedAngles","decl":{"start":{"line":11,"column":16},"end":{"line":11,"column":29}},"loc":{"start":{"line":11,"column":86},"end":{"line":14,"column":1}},"line":11},"1":{"name":"bezier","decl":{"start":{"line":24,"column":16},"end":{"line":24,"column":22}},"loc":{"start":{"line":24,"column":79},"end":{"line":26,"column":1}},"line":24},"2":{"name":"staticRadiusRoundedAngles","decl":{"start":{"line":37,"column":16},"end":{"line":37,"column":41}},"loc":{"start":{"line":37,"column":114},"end":{"line":51,"column":1}},"line":37},"3":{"name":"straight","decl":{"start":{"line":61,"column":16},"end":{"line":61,"column":24}},"loc":{"start":{"line":61,"column":81},"end":{"line":63,"column":1}},"line":61}},"branchMap":{},"s":{"0":2,"1":2,"2":122,"3":2,"4":2,"5":2,"6":2,"7":2,"8":2,"9":2,"10":2,"11":2,"12":2,"13":2,"14":2,"15":2,"16":2,"17":3},"f":{"0":2,"1":122,"2":2,"3":2},"b":{},"_coverageSchema":"1a1c01bbd47fc00a2c39e90264f33305004495a9","hash":"cdb8e61d70e476f2815bfa7378cb2e64cef95b1b"}
,"/Users/asb/Projects/TreeFlex/src/tree-graph-flex/tree-build-functions.tsx": {"path":"/Users/asb/Projects/TreeFlex/src/tree-graph-flex/tree-build-functions.tsx","statementMap":{"0":{"start":{"line":25,"column":21},"end":{"line":25,"column":22}},"1":{"start":{"line":27,"column":46},"end":{"line":29,"column":5}},"2":{"start":{"line":28,"column":6},"end":{"line":28,"column":39}},"3":{"start":{"line":31,"column":4},"end":{"line":36,"column":5}},"4":{"start":{"line":32,"column":6},"end":{"line":32,"column":76}},"5":{"start":{"line":34,"column":6},"end":{"line":34,"column":15}},"6":{"start":{"line":35,"column":6},"end":{"line":35,"column":41}},"7":{"start":{"line":37,"column":34},"end":{"line":37,"column":88}},"8":{"start":{"line":38,"column":4},"end":{"line":46,"column":6}},"9":{"start":{"line":48,"column":2},"end":{"line":48,"column":38}},"10":{"start":{"line":57,"column":2},"end":{"line":57,"column":96}},"11":{"start":{"line":57,"column":48},"end":{"line":57,"column":86}},"12":{"start":{"line":72,"column":30},"end":{"line":72,"column":61}},"13":{"start":{"line":73,"column":30},"end":{"line":73,"column":66}},"14":{"start":{"line":74,"column":29},"end":{"line":74,"column":40}},"15":{"start":{"line":75,"column":29},"end":{"line":75,"column":63}},"16":{"start":{"line":76,"column":21},"end":{"line":76,"column":56}},"17":{"start":{"line":77,"column":2},"end":{"line":77,"column":87}},"18":{"start":{"line":94,"column":34},"end":{"line":94,"column":96}},"19":{"start":{"line":94,"column":61},"end":{"line":94,"column":95}},"20":{"start":{"line":95,"column":34},"end":{"line":98,"column":3}},"21":{"start":{"line":96,"column":21},"end":{"line":96,"column":102}},"22":{"start":{"line":99,"column":2},"end":{"line":99,"column":25}}},"fnMap":{"0":{"name":"processTree","decl":{"start":{"line":18,"column":16},"end":{"line":18,"column":27}},"loc":{"start":{"line":24,"column":25},"end":{"line":49,"column":1}},"line":24},"1":{"name":"calculateCoords","decl":{"start":{"line":26,"column":11},"end":{"line":26,"column":26}},"loc":{"start":{"line":26,"column":95},"end":{"line":47,"column":3}},"line":26},"2":{"name":"(anonymous_2)","decl":{"start":{"line":27,"column":71},"end":{"line":27,"column":72}},"loc":{"start":{"line":28,"column":6},"end":{"line":28,"column":39}},"line":28},"3":{"name":"createNodesArray","decl":{"start":{"line":56,"column":16},"end":{"line":56,"column":32}},"loc":{"start":{"line":56,"column":87},"end":{"line":58,"column":1}},"line":56},"4":{"name":"(anonymous_4)","decl":{"start":{"line":57,"column":30},"end":{"line":57,"column":31}},"loc":{"start":{"line":57,"column":48},"end":{"line":57,"column":86}},"line":57},"5":{"name":"createPath","decl":{"start":{"line":67,"column":16},"end":{"line":67,"column":26}},"loc":{"start":{"line":71,"column":8},"end":{"line":78,"column":1}},"line":71},"6":{"name":"createConnectingLinesArray","decl":{"start":{"line":88,"column":16},"end":{"line":88,"column":42}},"loc":{"start":{"line":93,"column":10},"end":{"line":100,"column":1}},"line":93},"7":{"name":"(anonymous_7)","decl":{"start":{"line":94,"column":52},"end":{"line":94,"column":53}},"loc":{"start":{"line":94,"column":61},"end":{"line":94,"column":95}},"line":94},"8":{"name":"(anonymous_8)","decl":{"start":{"line":96,"column":4},"end":{"line":96,"column":5}},"loc":{"start":{"line":96,"column":21},"end":{"line":96,"column":102}},"line":96}},"branchMap":{"0":{"loc":{"start":{"line":26,"column":53},"end":{"line":26,"column":70}},"type":"default-arg","locations":[{"start":{"line":26,"column":69},"end":{"line":26,"column":70}}],"line":26},"1":{"loc":{"start":{"line":31,"column":4},"end":{"line":36,"column":5}},"type":"if","locations":[{"start":{"line":31,"column":4},"end":{"line":36,"column":5}},{"start":{"line":33,"column":11},"end":{"line":36,"column":5}}],"line":31},"2":{"loc":{"start":{"line":37,"column":34},"end":{"line":37,"column":88}},"type":"cond-expr","locations":[{"start":{"line":37,"column":64},"end":{"line":37,"column":71}},{"start":{"line":37,"column":74},"end":{"line":37,"column":88}}],"line":37}},"s":{"0":21,"1":318,"2":297,"3":318,"4":129,"5":189,"6":189,"7":318,"8":318,"9":21,"10":212,"11":198,"12":171,"13":171,"14":171,"15":171,"16":171,"17":171,"18":178,"19":168,"20":178,"21":168,"22":178},"f":{"0":21,"1":318,"2":297,"3":212,"4":198,"5":171,"6":178,"7":168,"8":168},"b":{"0":[21],"1":[129,189],"2":[318,0]},"_coverageSchema":"1a1c01bbd47fc00a2c39e90264f33305004495a9","hash":"eacbd847c0988c352de6c2278dcb21293e0c07c3"}
,"/Users/asb/Projects/TreeFlex/src/tree-graph-flex/tree-graph-flex.tsx": {"path":"/Users/asb/Projects/TreeFlex/src/tree-graph-flex/tree-graph-flex.tsx","statementMap":{"0":{"start":{"line":32,"column":146},"end":{"line":40,"column":3}},"1":{"start":{"line":52,"column":19},"end":{"line":52,"column":29}},"2":{"start":{"line":54,"column":36},"end":{"line":54,"column":135}},"3":{"start":{"line":55,"column":44},"end":{"line":55,"column":102}},"4":{"start":{"line":56,"column":46},"end":{"line":56,"column":72}},"5":{"start":{"line":57,"column":36},"end":{"line":57,"column":106}},"6":{"start":{"line":58,"column":65},"end":{"line":64,"column":5}},"7":{"start":{"line":59,"column":25},"end":{"line":62,"column":7}},"8":{"start":{"line":66,"column":4},"end":{"line":87,"column":6}},"9":{"start":{"line":71,"column":14},"end":{"line":77,"column":20}},"10":{"start":{"line":82,"column":14},"end":{"line":82,"column":76}}},"fnMap":{"0":{"name":"(anonymous_0)","decl":{"start":{"line":42,"column":2},"end":{"line":42,"column":3}},"loc":{"start":{"line":42,"column":31},"end":{"line":88,"column":3}},"line":42},"1":{"name":"(anonymous_1)","decl":{"start":{"line":59,"column":6},"end":{"line":59,"column":7}},"loc":{"start":{"line":59,"column":25},"end":{"line":62,"column":7}},"line":59},"2":{"name":"(anonymous_2)","decl":{"start":{"line":70,"column":26},"end":{"line":70,"column":27}},"loc":{"start":{"line":71,"column":14},"end":{"line":77,"column":20}},"line":71},"3":{"name":"(anonymous_3)","decl":{"start":{"line":81,"column":33},"end":{"line":81,"column":34}},"loc":{"start":{"line":82,"column":14},"end":{"line":82,"column":76}},"line":82}},"branchMap":{"0":{"loc":{"start":{"line":54,"column":36},"end":{"line":54,"column":135}},"type":"cond-expr","locations":[{"start":{"line":54,"column":80},"end":{"line":54,"column":100}},{"start":{"line":54,"column":103},"end":{"line":54,"column":135}}],"line":54}},"s":{"0":1,"1":7,"2":7,"3":7,"4":7,"5":7,"6":7,"7":127,"8":7,"9":127,"10":120},"f":{"0":7,"1":127,"2":127,"3":120},"b":{"0":[7,0]},"_coverageSchema":"1a1c01bbd47fc00a2c39e90264f33305004495a9","hash":"5bbaedb5e980c95fbf42871ac302d35ce1231464"}
}
