TN:
SF:src/data.ts
FNF:0
FNH:0
DA:1,2
DA:69,2
DA:71,2
LF:3
LH:3
BRF:0
BRH:0
end_of_record
TN:
SF:src/tree-graph-flex/path-shapes.tsx
FN:11,roundedAngles
FN:24,bezier
FN:37,staticRadiusRoundedAngles
FN:61,straight
FNF:4
FNH:4
FNDA:2,roundedAngles
FNDA:122,bezier
FNDA:2,staticRadiusRoundedAngles
FNDA:2,straight
DA:12,2
DA:13,2
DA:25,122
DA:38,2
DA:39,2
DA:40,2
DA:41,2
DA:42,2
DA:43,2
DA:44,2
DA:45,2
DA:46,2
DA:47,2
DA:48,2
DA:49,2
DA:50,2
DA:62,2
DA:65,3
LF:18
LH:18
BRF:0
BRH:0
end_of_record
TN:
SF:src/tree-graph-flex/tree-build-functions.tsx
FN:18,processTree
FN:26,calculateCoords
FN:27,(anonymous_2)
FN:56,createNodesArray
FN:57,(anonymous_4)
FN:67,createPath
FN:88,createConnectingLinesArray
FN:94,(anonymous_7)
FN:96,(anonymous_8)
FNF:9
FNH:9
FNDA:21,processTree
FNDA:318,calculateCoords
FNDA:297,(anonymous_2)
FNDA:212,createNodesArray
FNDA:198,(anonymous_4)
FNDA:171,createPath
FNDA:178,createConnectingLinesArray
FNDA:168,(anonymous_7)
FNDA:168,(anonymous_8)
DA:25,21
DA:27,318
DA:28,297
DA:31,318
DA:32,129
DA:34,189
DA:35,189
DA:37,318
DA:38,318
DA:48,21
DA:57,212
DA:72,171
DA:73,171
DA:74,171
DA:75,171
DA:76,171
DA:77,171
DA:94,178
DA:95,178
DA:96,168
DA:99,178
LF:21
LH:21
BRDA:26,0,0,21
BRDA:31,1,0,129
BRDA:31,1,1,189
BRDA:37,2,0,318
BRDA:37,2,1,0
BRF:5
BRH:4
end_of_record
TN:
SF:src/tree-graph-flex/tree-graph-flex.tsx
FN:42,(anonymous_0)
FN:59,(anonymous_1)
FN:70,(anonymous_2)
FN:81,(anonymous_3)
FNF:4
FNH:4
FNDA:7,(anonymous_0)
FNDA:127,(anonymous_1)
FNDA:127,(anonymous_2)
FNDA:120,(anonymous_3)
DA:32,1
DA:52,7
DA:54,7
DA:55,7
DA:56,7
DA:57,7
DA:58,7
DA:59,127
DA:66,7
DA:71,127
DA:82,120
LF:11
LH:11
BRDA:54,0,0,7
BRDA:54,0,1,0
BRF:2
BRH:1
end_of_record
